<?xml version="1.0" encoding="UTF-8"?>
<!-- Generated by org.testng.reporters.JUnitXMLReporter -->
<testsuite ignored="4" hostname="DESKTOP-E3FNQHB" failures="0" tests="3" name="Test" time="0.072" errors="0" timestamp="2022-09-21T13:04:17 IST">
  <testcase classname="testnggroup.groupdemo1" name="test1" time="0.012"/>
  <testcase classname="testnggroup.groupdemo1" name="test3" time="0.002"/>
  <testcase classname="testnggroup.groupdemo1" name="test4" time="0.001"/>
  <testcase classname="testnggroup.groupdemo1" name="maintest" time="0.0">
    <ignored/>
  </testcase> <!-- maintest -->
  <testcase classname="testnggroup.groupdemo1" name="test2" time="0.0">
    <ignored/>
  </testcase> <!-- test2 -->
  <testcase classname="testnggroup.groupdemo1" name="test6" time="0.0">
    <ignored/>
  </testcase> <!-- test6 -->
  <testcase classname="testnggroup.groupdemo1" name="test5" time="0.0">
    <ignored/>
  </testcase> <!-- test5 -->
</testsuite> <!-- Test -->
