<?xml version="1.0" encoding="UTF-8"?>
<!-- Generated by org.testng.reporters.JUnitXMLReporter -->
<testsuite ignored="0" hostname="DESKTOP-E3FNQHB" failures="0" tests="3" name="Test3" time="0.068" errors="0" timestamp="2022-06-30T12:42:49 IST">
  <testcase classname="parallel.paralleltest3" name="testmethod10" time="0.011"/>
  <testcase classname="parallel.paralleltest3" name="testmethod8" time="0.005"/>
  <testcase classname="parallel.paralleltest3" name="testmethod9" time="0.003"/>
</testsuite> <!-- Test3 -->
