<?xml version="1.0" encoding="UTF-8"?>
<!-- Generated by org.testng.reporters.JUnitXMLReporter -->
<testsuite ignored="0" hostname="DESKTOP-E3FNQHB" failures="0" tests="4" name="Test1" time="0.074" errors="0" timestamp="2022-11-16T11:05:00 IST">
  <testcase classname="parallel.datademo3" name="test1" time="0.016"/>
  <testcase classname="parallel.datademo3" name="test2" time="0.016"/>
  <testcase classname="parallel.datademo3" name="test3" time="0.001"/>
  <testcase classname="parallel.datademo3" name="test4" time="0.003"/>
</testsuite> <!-- Test1 -->
