<?xml version="1.0" encoding="UTF-8"?>
<!-- Generated by org.testng.reporters.JUnitXMLReporter -->
<testsuite ignored="0" hostname="DESKTOP-E3FNQHB" failures="0" tests="4" name="Test" time="0.053" errors="0" timestamp="2022-08-30T12:40:48 IST">
  <testcase classname="alldemo2.testdemo1" name="aakash" time="0.009"/>
  <testcase classname="alldemo2.testdemo1" name="akash" time="0.001"/>
  <testcase classname="alldemo2.testdemo1" name="test3" time="0.001"/>
  <testcase classname="alldemo2.testdemo1" name="test4" time="0.002"/>
</testsuite> <!-- Test -->
