<?xml version="1.0" encoding="UTF-8"?>
<!-- Generated by org.testng.reporters.JUnitXMLReporter -->
<testsuite ignored="0" hostname="DESKTOP-E3FNQHB" failures="0" tests="4" name="Test1" time="0.051" errors="0" timestamp="2022-09-21T13:24:13 IST">
  <testcase classname="parallel.datademo3" name="test4" time="0.01"/>
  <testcase classname="parallel.datademo3" name="test2" time="0.01"/>
  <testcase classname="parallel.datademo3" name="test1" time="0.01"/>
  <testcase classname="parallel.datademo3" name="test3" time="0.01"/>
</testsuite> <!-- Test1 -->
