<?xml version="1.0" encoding="UTF-8"?>
<testng-results ignored="0" total="1" passed="1" failed="0" skipped="0">
  <reporter-output>
  </reporter-output>
  <suite started-at="2022-09-12T11:10:28 IST" name="Default suite" finished-at="2022-09-12T11:11:04 IST" duration-ms="36260">
    <groups>
    </groups>
    <test started-at="2022-09-12T11:10:28 IST" name="Default test" finished-at="2022-09-12T11:11:04 IST" duration-ms="36260">
      <class name="framedemo.frametest1">
        <test-method signature="test1()[pri:0, instance:framedemo.frametest1@5b8dfcc1]" started-at="2022-09-12T11:10:28 IST" name="test1" finished-at="2022-09-12T11:11:04 IST" duration-ms="36211" status="PASS">
          <reporter-output>
          </reporter-output>
        </test-method> <!-- test1 -->
      </class> <!-- framedemo.frametest1 -->
    </test> <!-- Default test -->
  </suite> <!-- Default suite -->
</testng-results>
