<?xml version="1.0" encoding="UTF-8"?>
<testng-results ignored="0" total="1" passed="1" failed="0" skipped="0">
  <reporter-output>
  </reporter-output>
  <suite started-at="2022-09-21T16:29:40 IST" name="Default suite" finished-at="2022-09-21T16:29:55 IST" duration-ms="15046">
    <groups>
    </groups>
    <test started-at="2022-09-21T16:29:40 IST" name="Default test" finished-at="2022-09-21T16:29:55 IST" duration-ms="15046">
      <class name="windowsdemo.Gettitle">
        <test-method signature="test()[pri:0, instance:windowsdemo.Gettitle@72967906]" started-at="2022-09-21T16:29:40 IST" name="test" finished-at="2022-09-21T16:29:55 IST" duration-ms="15004" status="PASS">
          <reporter-output>
          </reporter-output>
        </test-method> <!-- test -->
      </class> <!-- windowsdemo.Gettitle -->
    </test> <!-- Default test -->
  </suite> <!-- Default suite -->
</testng-results>
